2018-08-29 09:24:52.035  INFO 6316 --- [main] com.xml.BackendApplication               : Starting BackendApplication on DESKTOP-UQ8NGJN with PID 6316 (C:\Users\sale\git\XML_WebService\backend\target\classes started by sale in C:\Users\sale\git\XML_WebService\backend)
2018-08-29 09:24:52.045  INFO 6316 --- [main] com.xml.BackendApplication               : No active profile set, falling back to default profiles: default
2018-08-29 09:24:52.108  INFO 6316 --- [main] ConfigServletWebServerApplicationContext : Refreshing org.springframework.boot.web.servlet.context.AnnotationConfigServletWebServerApplicationContext@ebcd03: startup date [Wed Aug 29 09:24:52 CEST 2018]; root of context hierarchy
2018-08-29 09:24:53.575  INFO 6316 --- [main] trationDelegate$BeanPostProcessorChecker : Bean 'org.springframework.ws.config.annotation.DelegatingWsConfiguration' of type [org.springframework.ws.config.annotation.DelegatingWsConfiguration$$EnhancerBySpringCGLIB$$c08e9c6c] is not eligible for getting processed by all BeanPostProcessors (for example: not eligible for auto-proxying)
2018-08-29 09:24:53.613  INFO 6316 --- [main] .w.s.a.s.AnnotationActionEndpointMapping : Supporting [WS-Addressing August 2004, WS-Addressing 1.0]
2018-08-29 09:24:53.655  INFO 6316 --- [main] trationDelegate$BeanPostProcessorChecker : Bean 'org.springframework.security.config.annotation.configuration.ObjectPostProcessorConfiguration' of type [org.springframework.security.config.annotation.configuration.ObjectPostProcessorConfiguration$$EnhancerBySpringCGLIB$$b4a49fa7] is not eligible for getting processed by all BeanPostProcessors (for example: not eligible for auto-proxying)
2018-08-29 09:24:53.662  INFO 6316 --- [main] trationDelegate$BeanPostProcessorChecker : Bean 'org.springframework.transaction.annotation.ProxyTransactionManagementConfiguration' of type [org.springframework.transaction.annotation.ProxyTransactionManagementConfiguration$$EnhancerBySpringCGLIB$$1bf6d76d] is not eligible for getting processed by all BeanPostProcessors (for example: not eligible for auto-proxying)
2018-08-29 09:24:53.701  INFO 6316 --- [main] trationDelegate$BeanPostProcessorChecker : Bean 'objectPostProcessor' of type [org.springframework.security.config.annotation.configuration.AutowireBeanFactoryObjectPostProcessor] is not eligible for getting processed by all BeanPostProcessors (for example: not eligible for auto-proxying)
2018-08-29 09:24:53.703  INFO 6316 --- [main] trationDelegate$BeanPostProcessorChecker : Bean 'org.springframework.security.access.expression.method.DefaultMethodSecurityExpressionHandler@b695ec' of type [org.springframework.security.access.expression.method.DefaultMethodSecurityExpressionHandler] is not eligible for getting processed by all BeanPostProcessors (for example: not eligible for auto-proxying)
2018-08-29 09:24:53.712  INFO 6316 --- [main] trationDelegate$BeanPostProcessorChecker : Bean 'org.springframework.security.config.annotation.method.configuration.Jsr250MetadataSourceConfiguration' of type [org.springframework.security.config.annotation.method.configuration.Jsr250MetadataSourceConfiguration$$EnhancerBySpringCGLIB$$fece5a6f] is not eligible for getting processed by all BeanPostProcessors (for example: not eligible for auto-proxying)
2018-08-29 09:24:53.722  INFO 6316 --- [main] trationDelegate$BeanPostProcessorChecker : Bean 'jsr250MethodSecurityMetadataSource' of type [org.springframework.security.access.annotation.Jsr250MethodSecurityMetadataSource] is not eligible for getting processed by all BeanPostProcessors (for example: not eligible for auto-proxying)
2018-08-29 09:24:53.724  INFO 6316 --- [main] trationDelegate$BeanPostProcessorChecker : Bean 'org.springframework.security.config.annotation.method.configuration.GlobalMethodSecurityConfiguration' of type [org.springframework.security.config.annotation.method.configuration.GlobalMethodSecurityConfiguration$$EnhancerBySpringCGLIB$$d9794259] is not eligible for getting processed by all BeanPostProcessors (for example: not eligible for auto-proxying)
2018-08-29 09:24:53.736  INFO 6316 --- [main] trationDelegate$BeanPostProcessorChecker : Bean 'methodSecurityMetadataSource' of type [org.springframework.security.access.method.DelegatingMethodSecurityMetadataSource] is not eligible for getting processed by all BeanPostProcessors (for example: not eligible for auto-proxying)
2018-08-29 09:24:54.080  INFO 6316 --- [main] o.s.b.w.embedded.tomcat.TomcatWebServer  : Tomcat initialized with port(s): 8443 (https)
2018-08-29 09:24:54.114  INFO 6316 --- [main] o.apache.catalina.core.StandardService   : Starting service [Tomcat]
2018-08-29 09:24:54.115  INFO 6316 --- [main] org.apache.catalina.core.StandardEngine  : Starting Servlet Engine: Apache Tomcat/8.5.31
2018-08-29 09:24:54.122  INFO 6316 --- [localhost-startStop-1] o.a.catalina.core.AprLifecycleListener   : The APR based Apache Tomcat Native library which allows optimal performance in production environments was not found on the java.library.path: [C:\Program Files (x86)\Java\jre1.8.0_144\bin;C:\WINDOWS\Sun\Java\bin;C:\WINDOWS\system32;C:\WINDOWS;C:/Program Files (x86)/Java/jre1.8.0_144/bin/client;C:/Program Files (x86)/Java/jre1.8.0_144/bin;C:/Program Files (x86)/Java/jre1.8.0_144/lib/i386;C:\ProgramData\Oracle\Java\javapath;C:\WINDOWS\system32;C:\WINDOWS;C:\WINDOWS\System32\Wbem;C:\WINDOWS\System32\WindowsPowerShell\v1.0\;C:\Program Files\MATLAB\R2017a\runtime\win64;C:\Program Files\MATLAB\R2017a\bin;C:\Program Files (x86)\Microsoft SQL Server\100\Tools\Binn\;C:\Program Files\Microsoft SQL Server\100\Tools\Binn\;C:\Program Files\Microsoft SQL Server\100\DTS\Binn\;C:\Program Files (x86)\Microsoft SQL Server\Client SDK\ODBC\130\Tools\Binn\;C:\Program Files (x86)\Microsoft SQL Server\140\Tools\Binn\;C:\Program Files (x86)\Microsoft SQL Server\140\DTS\Binn\;C:\Program Files (x86)\Microsoft SQL Server\140\Tools\Binn\ManagementStudio\;C:\Program Files\Common Files\Autodesk Shared\;C:\Program Files (x86)\Autodesk\Backburner\;C:\Program Files\nodejs\;C:\WINDOWS\System32\OpenSSH\;C:\Program Files (x86)\Java\jre1.8.0_144\bin;C:\Users\sale\AppData\Local\Microsoft\WindowsApps;C:\Users\sale\AppData\Roaming\npm;C:\Program Files\Microsoft VS Code\bin;;C:\Users\sale\Desktop\eclipse-jee-oxygen-3a-win32\eclipse;;.]
2018-08-29 09:24:54.369  INFO 6316 --- [localhost-startStop-1] o.a.c.c.C.[Tomcat].[localhost].[/]       : Initializing Spring embedded WebApplicationContext
2018-08-29 09:24:54.369  INFO 6316 --- [localhost-startStop-1] o.s.web.context.ContextLoader            : Root WebApplicationContext: initialization completed in 2261 ms
2018-08-29 09:24:54.889  INFO 6316 --- [localhost-startStop-1] o.s.b.w.servlet.FilterRegistrationBean   : Mapping filter: 'characterEncodingFilter' to: [/*]
2018-08-29 09:24:54.889  INFO 6316 --- [localhost-startStop-1] o.s.b.w.servlet.FilterRegistrationBean   : Mapping filter: 'hiddenHttpMethodFilter' to: [/*]
2018-08-29 09:24:54.890  INFO 6316 --- [localhost-startStop-1] o.s.b.w.servlet.FilterRegistrationBean   : Mapping filter: 'httpPutFormContentFilter' to: [/*]
2018-08-29 09:24:54.890  INFO 6316 --- [localhost-startStop-1] o.s.b.w.servlet.FilterRegistrationBean   : Mapping filter: 'requestContextFilter' to: [/*]
2018-08-29 09:24:54.890  INFO 6316 --- [localhost-startStop-1] .s.DelegatingFilterProxyRegistrationBean : Mapping filter: 'springSecurityFilterChain' to: [/*]
2018-08-29 09:24:54.890  INFO 6316 --- [localhost-startStop-1] o.s.b.w.servlet.ServletRegistrationBean  : Servlet dispatcherServlet mapped to [/]
2018-08-29 09:24:54.891  INFO 6316 --- [localhost-startStop-1] o.s.b.w.servlet.ServletRegistrationBean  : Servlet CXFServlet mapped to [/Service/*]
2018-08-29 09:24:54.892  INFO 6316 --- [localhost-startStop-1] o.s.b.w.servlet.ServletRegistrationBean  : Servlet webServlet mapped to [/h2/*]
2018-08-29 09:24:54.892  INFO 6316 --- [localhost-startStop-1] o.s.b.w.servlet.ServletRegistrationBean  : Servlet messageDispatcherServlet mapped to [/services/*]
2018-08-29 09:24:55.061  INFO 6316 --- [main] com.zaxxer.hikari.HikariDataSource       : HikariPool-1 - Starting...
2018-08-29 09:24:55.223  INFO 6316 --- [main] com.zaxxer.hikari.HikariDataSource       : HikariPool-1 - Start completed.
2018-08-29 09:24:55.290  INFO 6316 --- [main] j.LocalContainerEntityManagerFactoryBean : Building JPA container EntityManagerFactory for persistence unit 'default'
2018-08-29 09:24:56.440  INFO 6316 --- [main] j.LocalContainerEntityManagerFactoryBean : Initialized JPA EntityManagerFactory for persistence unit 'default'
2018-08-29 09:24:56.670  INFO 6316 --- [main] o.s.jdbc.datasource.init.ScriptUtils     : Executing SQL script from URL [file:/C:/Users/sale/git/XML_WebService/backend/target/classes/data.sql]
2018-08-29 09:24:56.675  INFO 6316 --- [main] o.s.jdbc.datasource.init.ScriptUtils     : Executed SQL script from URL [file:/C:/Users/sale/git/XML_WebService/backend/target/classes/data.sql] in 5 ms.
2018-08-29 09:24:57.625  INFO 6316 --- [main] o.s.w.s.handler.SimpleUrlHandlerMapping  : Mapped URL path [/**/favicon.ico] onto handler of type [class org.springframework.web.servlet.resource.ResourceHttpRequestHandler]
2018-08-29 09:24:57.639  WARN 6316 --- [main] aWebConfiguration$JpaWebMvcConfiguration : spring.jpa.open-in-view is enabled by default. Therefore, database queries may be performed during view rendering. Explicitly configure spring.jpa.open-in-view to disable this warning
2018-08-29 09:24:57.704  INFO 6316 --- [main] s.w.s.m.m.a.RequestMappingHandlerMapping : Mapped "{[/dodatneUsluge],methods=[GET],produces=[application/json]}" onto public org.springframework.http.ResponseEntity<java.util.List<com.xml.backend.domain.DodatnaUsluga>> com.xml.controller.DodatnaUslugaController.getAll()
2018-08-29 09:24:57.706  INFO 6316 --- [main] s.w.s.m.m.a.RequestMappingHandlerMapping : Mapped "{[/smestaj],methods=[GET],produces=[application/json]}" onto public org.springframework.http.ResponseEntity<java.util.List<com.xml.backend.domain.Smestaj>> com.xml.controller.SmestajController.getAll()
2018-08-29 09:24:57.709  INFO 6316 --- [main] s.w.s.m.m.a.RequestMappingHandlerMapping : Mapped "{[/auth/logout],methods=[POST]}" onto public org.springframework.http.ResponseEntity<?> com.xml.controller.UserController.logOut()
2018-08-29 09:24:57.711  INFO 6316 --- [main] s.w.s.m.m.a.RequestMappingHandlerMapping : Mapped "{[/auth/loginUser],methods=[POST]}" onto public org.springframework.http.ResponseEntity<?> com.xml.controller.UserController.loginUser(com.xml.dto.LoginDTO)
2018-08-29 09:24:57.712  INFO 6316 --- [main] s.w.s.m.m.a.RequestMappingHandlerMapping : Mapped "{[/auth/registerUser],methods=[POST]}" onto public org.springframework.http.ResponseEntity<?> com.xml.controller.UserController.registerUser(com.xml.dto.RegisterUserDTO)
2018-08-29 09:24:57.712  INFO 6316 --- [main] s.w.s.m.m.a.RequestMappingHandlerMapping : Mapped "{[/auth/registerAgent],methods=[POST]}" onto public org.springframework.http.ResponseEntity<?> com.xml.controller.UserController.registerAgent(com.xml.dto.RegisterUserDTO)
2018-08-29 09:24:57.713  INFO 6316 --- [main] s.w.s.m.m.a.RequestMappingHandlerMapping : Mapped "{[/auth/loginAdmin],methods=[POST]}" onto public org.springframework.http.ResponseEntity<?> com.xml.controller.UserController.loginAdmin(com.xml.dto.LoginDTO)
2018-08-29 09:24:57.717  INFO 6316 --- [main] s.w.s.m.m.a.RequestMappingHandlerMapping : Mapped "{[/error]}" onto public org.springframework.http.ResponseEntity<java.util.Map<java.lang.String, java.lang.Object>> org.springframework.boot.autoconfigure.web.servlet.error.BasicErrorController.error(javax.servlet.http.HttpServletRequest)
2018-08-29 09:24:57.717  INFO 6316 --- [main] s.w.s.m.m.a.RequestMappingHandlerMapping : Mapped "{[/error],produces=[text/html]}" onto public org.springframework.web.servlet.ModelAndView org.springframework.boot.autoconfigure.web.servlet.error.BasicErrorController.errorHtml(javax.servlet.http.HttpServletRequest,javax.servlet.http.HttpServletResponse)
2018-08-29 09:24:57.767  INFO 6316 --- [main] o.s.w.s.handler.SimpleUrlHandlerMapping  : Mapped URL path [/webjars/**] onto handler of type [class org.springframework.web.servlet.resource.ResourceHttpRequestHandler]
2018-08-29 09:24:57.767  INFO 6316 --- [main] o.s.w.s.handler.SimpleUrlHandlerMapping  : Mapped URL path [/**] onto handler of type [class org.springframework.web.servlet.resource.ResourceHttpRequestHandler]
2018-08-29 09:24:57.795  INFO 6316 --- [main] o.s.s.web.DefaultSecurityFilterChain     : Creating filter chain: org.springframework.security.web.util.matcher.AnyRequestMatcher@1, [org.springframework.security.web.context.request.async.WebAsyncManagerIntegrationFilter@1048c86, org.springframework.security.web.context.SecurityContextPersistenceFilter@10323a0, org.springframework.security.web.header.HeaderWriterFilter@37f97e, org.springframework.web.filter.CorsFilter@15d9277, org.springframework.security.web.authentication.logout.LogoutFilter@eeab3e, org.springframework.security.web.savedrequest.RequestCacheAwareFilter@17dd549, org.springframework.security.web.servletapi.SecurityContextHolderAwareRequestFilter@354202, org.springframework.security.web.authentication.AnonymousAuthenticationFilter@1e13f34, org.springframework.security.web.session.SessionManagementFilter@914089, org.springframework.security.web.access.ExceptionTranslationFilter@4f4f12, org.springframework.security.web.access.intercept.FilterSecurityInterceptor@b8f98a]
2018-08-29 09:24:57.846  INFO 6316 --- [main] o.a.c.w.s.f.ReflectionServiceFactoryBean : Creating Service {https://bezbednost/}UserService from class com.xml.service.soap.UserServiceSoap
2018-08-29 09:24:58.233  INFO 6316 --- [main] org.apache.cxf.endpoint.ServerImpl       : Setting the server's publish address to be /userServiceSoap
2018-08-29 09:24:58.506  INFO 6316 --- [main] s.w.s.m.m.a.RequestMappingHandlerAdapter : Looking for @ControllerAdvice: org.springframework.boot.web.servlet.context.AnnotationConfigServletWebServerApplicationContext@ebcd03: startup date [Wed Aug 29 09:24:52 CEST 2018]; root of context hierarchy
2018-08-29 09:24:59.001  INFO 6316 --- [main] o.s.j.e.a.AnnotationMBeanExporter        : Registering beans for JMX exposure on startup
2018-08-29 09:24:59.005  INFO 6316 --- [main] o.s.j.e.a.AnnotationMBeanExporter        : Bean with name 'dataSource' has been autodetected for JMX exposure
2018-08-29 09:24:59.013  INFO 6316 --- [main] o.s.j.e.a.AnnotationMBeanExporter        : Located MBean 'dataSource': registering with JMX server as MBean [com.zaxxer.hikari:name=dataSource,type=HikariDataSource]
2018-08-29 09:24:59.413  INFO 6316 --- [main] o.s.b.w.embedded.tomcat.TomcatWebServer  : Tomcat started on port(s): 8443 (https) with context path ''
2018-08-29 09:24:59.419  INFO 6316 --- [main] com.xml.BackendApplication               : Started BackendApplication in 7.776 seconds (JVM running for 8.537)
